[19:09:16] [main/INFO] [GradleStart]: Extra: []
[19:09:16] [main/INFO] [GradleStart]: Running with arguments: [--userProperties, {}, --assetsDir, C:/Users/Fureniku/.gradle/caches/minecraft/assets, --assetIndex, 1.12, --accessToken{REDACTED}, --version, 1.12.2, --tweakClass, net.minecraftforge.fml.common.launcher.FMLTweaker, --tweakClass, net.minecraftforge.gradle.tweakers.CoremodTweaker]
[19:09:16] [main/INFO] [LaunchWrapper]: Loading tweak class name net.minecraftforge.fml.common.launcher.FMLTweaker
[19:09:16] [main/INFO] [LaunchWrapper]: Using primary tweak class name net.minecraftforge.fml.common.launcher.FMLTweaker
[19:09:16] [main/INFO] [LaunchWrapper]: Loading tweak class name net.minecraftforge.gradle.tweakers.CoremodTweaker
[19:09:16] [main/INFO] [LaunchWrapper]: Calling tweak class net.minecraftforge.fml.common.launcher.FMLTweaker
[19:09:25] [Thread-3/INFO] [FML]: Using sync timing. 200 frames of Display.update took 133119383 nanos
[19:09:28] [Forge Version Check/INFO] [ForgeVersionCheck]: [cofhcore] Starting version check at https://raw.github.com/cofh/version/master/cofhcore_update.json
[19:09:28] [Forge Version Check/DEBUG] [ForgeVersionCheck]: [cofhcore] Received version check data:
{
	"homepage": "http://www.teamcofh.com/downloads/",
	"1.12.2": {
		"4.5.3": "Update for Forge 2739+.",
		"4.5.2": "Fix to possible shield blocking recursion issue.",
		"4.5.1": "Fix to arrow speed for CoFH bows.",
		"4.5.0": "Backend changes and optimizations.",
		"4.4.1": "More internal refactors. Config option for Soulbound permanence.",
		"4.4.0": "Large internal refactors. New config options."
	},
	"1.11.2": {
		"4.2.8": "Final 1.11.2 release."
	},
	"1.10.2": {
		"4.1.12": "Final 1.10.2 release."
	},
	"promos": {
		"1.12.2-latest": "4.5.2",
		"1.12.2-recommended": "4.5.2",
		"1.11.2-latest": "4.2.8",
		"1.11.2-recommended": "4.2.8",
		"1.10.2-latest": "4.1.12",
		"1.10.2-recommended": "4.1.12"
	}
}

[19:09:28] [Forge Version Check/INFO] [ForgeVersionCheck]: [cofhcore] Found status: OUTDATED Target: 4.5.2
[19:09:28] [Forge Version Check/INFO] [ForgeVersionCheck]: [core] Starting version check at http://www.silvaniastudios.com/mods/update/cOre.json
[19:09:28] [Forge Version Check/DEBUG] [ForgeVersionCheck]: [core] Received version check data:
{
  "homepage": "http://www.silvaniastudios.com/mods/downloads",
  "1.12.2": {
    "1.0.1": "Theoretical Cubic Chunks support", 
    "1.0": "Initial release", 
  },
  "promos": {
    "1.12.2-latest": "1.0.1",
    // Declare the latest "bleeding-edge" version of your mod for the given Minecraft version
    "1.12.2-recommended": "1.0.1",
    // Declare the latest "stable" version of your mod for the given Minecraft version
  }
}
[19:09:28] [Forge Version Check/DEBUG] [ForgeVersionCheck]: Failed to process update information
com.google.gson.JsonSyntaxException: com.google.gson.stream.MalformedJsonException: Expected name at line 6 column 4 path $..1.0
	at com.google.gson.Gson.fromJson(Gson.java:902) ~[Gson.class:?]
	at com.google.gson.Gson.fromJson(Gson.java:852) ~[Gson.class:?]
	at com.google.gson.Gson.fromJson(Gson.java:801) ~[Gson.class:?]
	at com.google.gson.Gson.fromJson(Gson.java:773) ~[Gson.class:?]
	at net.minecraftforge.common.ForgeVersion$1.process(ForgeVersion.java:223) [ForgeVersion$1.class:?]
	at net.minecraftforge.common.ForgeVersion$1.run(ForgeVersion.java:198) [ForgeVersion$1.class:?]
Caused by: com.google.gson.stream.MalformedJsonException: Expected name at line 6 column 4 path $..1.0
	at com.google.gson.stream.JsonReader.syntaxError(JsonReader.java:1559) ~[JsonReader.class:?]
	at com.google.gson.stream.JsonReader.doPeek(JsonReader.java:505) ~[JsonReader.class:?]
	at com.google.gson.stream.JsonReader.hasNext(JsonReader.java:414) ~[JsonReader.class:?]
	at com.google.gson.internal.bind.ObjectTypeAdapter.read(ObjectTypeAdapter.java:69) ~[ObjectTypeAdapter.class:?]
	at com.google.gson.internal.bind.TypeAdapterRuntimeTypeWrapper.read(TypeAdapterRuntimeTypeWrapper.java:41) ~[TypeAdapterRuntimeTypeWrapper.class:?]
	at com.google.gson.internal.bind.MapTypeAdapterFactory$Adapter.read(MapTypeAdapterFactory.java:187) ~[MapTypeAdapterFactory$Adapter.class:?]
	at com.google.gson.internal.bind.MapTypeAdapterFactory$Adapter.read(MapTypeAdapterFactory.java:145) ~[MapTypeAdapterFactory$Adapter.class:?]
	at com.google.gson.Gson.fromJson(Gson.java:887) ~[Gson.class:?]
	... 5 more
[19:09:28] [Forge Version Check/INFO] [ForgeVersionCheck]: [forge] Starting version check at http://files.minecraftforge.net/maven/net/minecraftforge/forge/promotions_slim.json
[19:09:28] [Forge Version Check/DEBUG] [ForgeVersionCheck]: [forge] Received version check data:
{
  "homepage": "http://files.minecraftforge.net/maven/net/minecraftforge/forge/",
  "promos": {
    "1.10-latest": "12.18.0.2000",
    "1.10.2-latest": "12.18.3.2511",
    "1.10.2-recommended": "12.18.3.2185",
    "1.11-latest": "13.19.1.2199",
    "1.11-recommended": "13.19.1.2189",
    "1.11.2-latest": "13.20.1.2588",
    "1.11.2-recommended": "13.20.1.2386",
    "1.12-latest": "14.21.1.2443",
    "1.12-recommended": "14.21.1.2387",
    "1.12.1-latest": "14.22.1.2485",
    "1.12.1-recommended": "14.22.1.2478",
    "1.12.2-latest": "14.23.4.2758",
    "1.12.2-recommended": "14.23.4.2705",
    "1.5.2-latest": "7.8.1.738",
    "1.5.2-recommended": "7.8.1.737",
    "1.6.1-latest": "8.9.0.775",
    "1.6.2-latest": "9.10.1.871",
    "1.6.2-recommended": "9.10.1.871",
    "1.6.3-latest": "9.11.0.878",
    "1.6.4-latest": "9.11.1.1345",
    "1.6.4-recommended": "9.11.1.1345",
    "1.7.10-latest": "10.13.4.1614",
    "1.7.10-latest-1.7.10": "10.13.2.1343",
    "1.7.10-recommended": "10.13.4.1558",
    "1.7.2-latest": "10.12.2.1147",
    "1.7.2-recommended": "10.12.2.1121",
    "1.8-latest": "11.14.4.1577",
    "1.8-recommended": "11.14.4.1563",
    "1.8.8-latest": "11.15.0.1655",
    "1.8.9-latest": "11.15.1.2318",
    "1.8.9-recommended": "11.15.1.1722",
    "1.9-latest": "12.16.0.1942",
    "1.9-recommended": "12.16.1.1887",
    "1.9.4-latest": "12.17.0.2051",
    "1.9.4-recommended": "12.17.0.1976",
    "latest": "14.23.4.2758",
    "latest-1.7.10": "10.13.2.1343",
    "recommended": "14.23.4.2705"
  }
}
[19:09:28] [Forge Version Check/INFO] [ForgeVersionCheck]: [forge] Found status: OUTDATED Target: 14.23.4.2705
[19:09:28] [Forge Version Check/INFO] [ForgeVersionCheck]: [cofhworld] Starting version check at https://raw.github.com/cofh/version/master/cofhworld_update.json
[19:09:28] [Forge Version Check/DEBUG] [ForgeVersionCheck]: [cofhworld] Received version check data:
{
	"homepage": "http://www.teamcofh.com/downloads/",
	"1.12.2": {
		"1.2.0": "Lots of backend changes and new config options. New generation logic.",
		"1.1.1": "Internal refactors."
	},
	"promos": {
		"1.12.2-latest": "1.2.0",
		"1.12.2-recommended": "1.2.0"
	}
}

[19:09:28] [Forge Version Check/INFO] [ForgeVersionCheck]: [cofhworld] Found status: OUTDATED Target: 1.2.0
