[17:11:58] [main/INFO] [GradleStart]: Running with arguments: [--userProperties, {}, --assetsDir, C:/Users/Fureniku/.gradle/caches/minecraft/assets, --assetIndex, 1.12, --accessToken{REDACTED}, --version, 1.12.2, --tweakClass, net.minecraftforge.fml.common.launcher.FMLTweaker, --tweakClass, net.minecraftforge.gradle.tweakers.CoremodTweaker]
[17:11:58] [main/INFO] [LaunchWrapper]: Loading tweak class name net.minecraftforge.fml.common.launcher.FMLTweaker
[17:11:58] [main/INFO] [LaunchWrapper]: Using primary tweak class name net.minecraftforge.fml.common.launcher.FMLTweaker
[17:11:58] [main/INFO] [LaunchWrapper]: Loading tweak class name net.minecraftforge.gradle.tweakers.CoremodTweaker
[17:11:58] [main/INFO] [LaunchWrapper]: Calling tweak class net.minecraftforge.fml.common.launcher.FMLTweaker
[17:11:58] [main/INFO] [FML]: Forge Mod Loader version 14.23.5.2768 for Minecraft 1.12.2 loading
[17:11:58] [main/INFO] [FML]: Java is Java HotSpot(TM) 64-Bit Server VM, version 1.8.0_201, running on Windows 10:amd64:10.0, installed at C:\Program Files\Java\jre1.8.0_201
[17:11:58] [main/ERROR] [FML]: Apache Maven library folder was not in the format expected. Using default libraries directory.
[17:11:58] [main/ERROR] [FML]: Full: C:\Users\Fureniku\.gradle\caches\modules-2\files-2.1\org.apache.maven\maven-artifact\3.5.3\7dc72b6d6d8a6dced3d294ed54c2cc3515ade9f4\maven-artifact-3.5.3.jar
[17:11:58] [main/ERROR] [FML]: Trimmed: c:/users/fureniku/.gradle/caches/modules-2/files-2.1/org.apache.maven/maven-artifact/3.5.3/
[17:11:58] [main/INFO] [FML]: Managed to load a deobfuscated Minecraft name- we are in a deobfuscated environment. Skipping runtime deobfuscation
[17:11:58] [main/INFO] [FML]: Detected deobfuscated environment, loading log configs for colored console logs.
[17:11:59] [main/INFO] [FML]: Ignoring missing certificate for coremod FMLCorePlugin (net.minecraftforge.fml.relauncher.FMLCorePlugin), we are in deobf and it's a forge core plugin
[17:11:59] [main/INFO] [FML]: Ignoring missing certificate for coremod FMLForgePlugin (net.minecraftforge.classloading.FMLForgePlugin), we are in deobf and it's a forge core plugin
[17:11:59] [main/INFO] [FML]: Searching L:\Minecraft\1.12\cOre\run\.\mods for mods
[17:11:59] [main/INFO] [LaunchWrapper]: Calling tweak class net.minecraftforge.gradle.tweakers.CoremodTweaker
[17:11:59] [main/INFO] [GradleStart]: Injecting location in coremod net.minecraftforge.fml.relauncher.FMLCorePlugin
[17:11:59] [main/INFO] [GradleStart]: Injecting location in coremod net.minecraftforge.classloading.FMLForgePlugin
[17:11:59] [main/INFO] [LaunchWrapper]: Loading tweak class name net.minecraftforge.fml.common.launcher.FMLInjectionAndSortingTweaker
[17:11:59] [main/INFO] [LaunchWrapper]: Loading tweak class name net.minecraftforge.fml.common.launcher.FMLDeobfTweaker
[17:11:59] [main/INFO] [LaunchWrapper]: Loading tweak class name net.minecraftforge.gradle.tweakers.AccessTransformerTweaker
[17:11:59] [main/INFO] [LaunchWrapper]: Calling tweak class net.minecraftforge.fml.common.launcher.FMLInjectionAndSortingTweaker
[17:11:59] [main/INFO] [LaunchWrapper]: Calling tweak class net.minecraftforge.fml.common.launcher.FMLInjectionAndSortingTweaker
[17:11:59] [main/INFO] [LaunchWrapper]: Calling tweak class net.minecraftforge.fml.relauncher.CoreModManager$FMLPluginWrapper
[17:12:00] [main/ERROR] [FML]: FML appears to be missing any signature data. This is not a good thing
[17:12:00] [main/INFO] [LaunchWrapper]: Calling tweak class net.minecraftforge.fml.relauncher.CoreModManager$FMLPluginWrapper
[17:12:00] [main/INFO] [LaunchWrapper]: Calling tweak class net.minecraftforge.fml.common.launcher.FMLDeobfTweaker
[17:12:00] [main/INFO] [LaunchWrapper]: Calling tweak class net.minecraftforge.gradle.tweakers.AccessTransformerTweaker
[17:12:01] [main/INFO] [GradleStart]: Remapping AccessTransformer rules...
[17:12:01] [main/INFO] [LaunchWrapper]: Loading tweak class name net.minecraftforge.fml.common.launcher.TerminalTweaker
[17:12:01] [main/INFO] [LaunchWrapper]: Calling tweak class net.minecraftforge.fml.common.launcher.TerminalTweaker
[17:12:01] [main/INFO] [LaunchWrapper]: Launching wrapped minecraft {net.minecraft.client.main.Main}
[17:12:01] [main/INFO] [net.minecraft.client.Minecraft]: Setting user: Player48
[17:12:04] [main/INFO] [net.minecraft.client.Minecraft]: LWJGL Version: 2.9.4
[17:12:05] [main/INFO] [FML]: -- System Details --
Details:
	Minecraft Version: 1.12.2
	Operating System: Windows 10 (amd64) version 10.0
	Java Version: 1.8.0_201, Oracle Corporation
	Java VM Version: Java HotSpot(TM) 64-Bit Server VM (mixed mode), Oracle Corporation
	Memory: 601695648 bytes (573 MB) / 773324800 bytes (737 MB) up to 7613186048 bytes (7260 MB)
	JVM Flags: 0 total; 
	IntCache: cache: 0, tcache: 0, allocated: 0, tallocated: 0
	FML: 
	Loaded coremods (and transformers): 
	GL info: ' Vendor: 'NVIDIA Corporation' Version: '4.6.0 NVIDIA 418.81' Renderer: 'GeForce GTX 1080/PCIe/SSE2'
[17:12:05] [main/INFO] [FML]: MinecraftForge v14.23.5.2768 Initialized
[17:12:05] [main/INFO] [FML]: Starts to replace vanilla recipe ingredients with ore ingredients.
[17:12:05] [main/INFO] [FML]: Replaced 1036 ore ingredients
[17:12:05] [main/INFO] [FML]: Searching L:\Minecraft\1.12\cOre\run\.\mods for mods
[17:12:07] [main/INFO] [FML]: Forge Mod Loader has identified 9 mods to load
[17:12:07] [main/FATAL] [FML]: net.minecraftforge.fml.common.MissingModsException: Mod tconstruct (Tinkers' Construct) requires [mantle@[1.12-1.3.1,)]
[17:12:07] [main/ERROR] [FML]: An exception was thrown, the game will display an error screen and halt.
net.minecraftforge.fml.common.MissingModsException: Mod tconstruct (Tinkers' Construct) requires [mantle@[1.12-1.3.1,)]
	at net.minecraftforge.fml.common.Loader.sortModList(Loader.java:264) ~[Loader.class:?]
	at net.minecraftforge.fml.common.Loader.loadMods(Loader.java:570) ~[Loader.class:?]
	at net.minecraftforge.fml.client.FMLClientHandler.beginMinecraftLoading(FMLClientHandler.java:232) [FMLClientHandler.class:?]
	at net.minecraft.client.Minecraft.init(Minecraft.java:513) [Minecraft.class:?]
	at net.minecraft.client.Minecraft.run(Minecraft.java:421) [Minecraft.class:?]
	at net.minecraft.client.main.Main.main(Main.java:118) [Main.class:?]
	at sun.reflect.NativeMethodAccessorImpl.invoke0(Native Method) ~[?:1.8.0_201]
	at sun.reflect.NativeMethodAccessorImpl.invoke(Unknown Source) ~[?:1.8.0_201]
	at sun.reflect.DelegatingMethodAccessorImpl.invoke(Unknown Source) ~[?:1.8.0_201]
	at java.lang.reflect.Method.invoke(Unknown Source) ~[?:1.8.0_201]
	at net.minecraft.launchwrapper.Launch.launch(Launch.java:135) [launchwrapper-1.12.jar:?]
	at net.minecraft.launchwrapper.Launch.main(Launch.java:28) [launchwrapper-1.12.jar:?]
	at sun.reflect.NativeMethodAccessorImpl.invoke0(Native Method) ~[?:1.8.0_201]
	at sun.reflect.NativeMethodAccessorImpl.invoke(Unknown Source) ~[?:1.8.0_201]
	at sun.reflect.DelegatingMethodAccessorImpl.invoke(Unknown Source) ~[?:1.8.0_201]
	at java.lang.reflect.Method.invoke(Unknown Source) ~[?:1.8.0_201]
	at net.minecraftforge.gradle.GradleStartCommon.launch(GradleStartCommon.java:97) [start/:?]
	at GradleStart.main(GradleStart.java:25) [start/:?]
[17:12:07] [main/WARN] [FML]: EventBus 0 shutting down - future events will not be posted.
[17:12:07] [main/INFO] [net.minecraft.client.resources.SimpleReloadableResourceManager]: Reloading ResourceManager: Default, FMLFileResourcePack:Forge Mod Loader, FMLFileResourcePack:Minecraft Forge, FMLFileResourcePack:cOre, FMLFileResourcePack:Tinkers' Construct, FMLFileResourcePack:CoFH Core, FMLFileResourcePack:CoFH World, FMLFileResourcePack:Redstone Flux
[17:12:07] [main/WARN] [FML]: There were errors previously. Not beginning mod initialization phase
[17:12:07] [Thread-3/INFO] [FML]: Using sync timing. 200 frames of Display.update took 121262800 nanos
[17:12:14] [Sound Library Loader/INFO] [net.minecraft.client.audio.SoundManager]: Starting up SoundSystem...
[17:12:14] [Thread-5/INFO] [net.minecraft.client.audio.SoundManager]: Initializing LWJGL OpenAL
[17:12:14] [Thread-5/INFO] [net.minecraft.client.audio.SoundManager]: (The LWJGL binding of OpenAL.  For more information, see http://www.lwjgl.org)
[17:12:15] [Thread-5/INFO] [net.minecraft.client.audio.SoundManager]: OpenAL initialized.
[17:12:15] [Sound Library Loader/INFO] [net.minecraft.client.audio.SoundManager]: Sound engine started
[17:12:15] [main/INFO] [com.mojang.text2speech.NarratorWindows]: Narrator library for x64 successfully loaded
[17:12:16] [Realms Notification Availability checker #1/INFO] [com.mojang.realmsclient.client.RealmsClient]: Could not authorize you against Realms server: Invalid session id
[17:12:20] [main/INFO] [net.minecraft.client.Minecraft]: Stopping!
[17:12:20] [main/INFO] [net.minecraft.client.audio.SoundManager]: SoundSystem shutting down...
[17:12:20] [main/WARN] [net.minecraft.client.audio.SoundManager]: Author: Paul Lamb, www.paulscode.com
